DEBUG main org.apache.http.client.protocol.RequestAddCookies - CookieSpec selected: default
DEBUG main org.apache.http.client.protocol.RequestAuthCache - Auth cache not set in the context
DEBUG main org.apache.http.impl.conn.PoolingHttpClientConnectionManager - Connection request: [route: {s}->https://release.shimodev.com:443][total kept alive: 0; route allocated: 0 of 2; total allocated: 0 of 20]
DEBUG main org.apache.http.impl.conn.PoolingHttpClientConnectionManager - Connection leased: [id: 0][route: {s}->https://release.shimodev.com:443][total kept alive: 0; route allocated: 1 of 2; total allocated: 1 of 20]
DEBUG main org.apache.http.impl.execchain.MainClientExec - Opening connection {s}->https://release.shimodev.com:443
DEBUG main org.apache.http.impl.conn.DefaultHttpClientConnectionOperator - Connecting to release.shimodev.com/101.201.171.177:443
DEBUG main org.apache.http.conn.ssl.SSLConnectionSocketFactory - Connecting socket to release.shimodev.com/101.201.171.177:443 with timeout 0
DEBUG main org.apache.http.conn.ssl.SSLConnectionSocketFactory - Enabled protocols: [TLSv1, TLSv1.1, TLSv1.2]
DEBUG main org.apache.http.conn.ssl.SSLConnectionSocketFactory - Enabled cipher suites:[TLS_ECDHE_ECDSA_WITH_AES_256_CBC_SHA384, TLS_ECDHE_RSA_WITH_AES_256_CBC_SHA384, TLS_RSA_WITH_AES_256_CBC_SHA256, TLS_ECDH_ECDSA_WITH_AES_256_CBC_SHA384, TLS_ECDH_RSA_WITH_AES_256_CBC_SHA384, TLS_DHE_RSA_WITH_AES_256_CBC_SHA256, TLS_DHE_DSS_WITH_AES_256_CBC_SHA256, TLS_ECDHE_ECDSA_WITH_AES_256_CBC_SHA, TLS_ECDHE_RSA_WITH_AES_256_CBC_SHA, TLS_RSA_WITH_AES_256_CBC_SHA, TLS_ECDH_ECDSA_WITH_AES_256_CBC_SHA, TLS_ECDH_RSA_WITH_AES_256_CBC_SHA, TLS_DHE_RSA_WITH_AES_256_CBC_SHA, TLS_DHE_DSS_WITH_AES_256_CBC_SHA, TLS_ECDHE_ECDSA_WITH_AES_128_CBC_SHA256, TLS_ECDHE_RSA_WITH_AES_128_CBC_SHA256, TLS_RSA_WITH_AES_128_CBC_SHA256, TLS_ECDH_ECDSA_WITH_AES_128_CBC_SHA256, TLS_ECDH_RSA_WITH_AES_128_CBC_SHA256, TLS_DHE_RSA_WITH_AES_128_CBC_SHA256, TLS_DHE_DSS_WITH_AES_128_CBC_SHA256, TLS_ECDHE_ECDSA_WITH_AES_128_CBC_SHA, TLS_ECDHE_RSA_WITH_AES_128_CBC_SHA, TLS_RSA_WITH_AES_128_CBC_SHA, TLS_ECDH_ECDSA_WITH_AES_128_CBC_SHA, TLS_ECDH_RSA_WITH_AES_128_CBC_SHA, TLS_DHE_RSA_WITH_AES_128_CBC_SHA, TLS_DHE_DSS_WITH_AES_128_CBC_SHA, TLS_ECDHE_ECDSA_WITH_AES_256_GCM_SHA384, TLS_ECDHE_ECDSA_WITH_AES_128_GCM_SHA256, TLS_ECDHE_RSA_WITH_AES_256_GCM_SHA384, TLS_RSA_WITH_AES_256_GCM_SHA384, TLS_ECDH_ECDSA_WITH_AES_256_GCM_SHA384, TLS_ECDH_RSA_WITH_AES_256_GCM_SHA384, TLS_DHE_RSA_WITH_AES_256_GCM_SHA384, TLS_DHE_DSS_WITH_AES_256_GCM_SHA384, TLS_ECDHE_RSA_WITH_AES_128_GCM_SHA256, TLS_RSA_WITH_AES_128_GCM_SHA256, TLS_ECDH_ECDSA_WITH_AES_128_GCM_SHA256, TLS_ECDH_RSA_WITH_AES_128_GCM_SHA256, TLS_DHE_RSA_WITH_AES_128_GCM_SHA256, TLS_DHE_DSS_WITH_AES_128_GCM_SHA256, TLS_EMPTY_RENEGOTIATION_INFO_SCSV]
DEBUG main org.apache.http.conn.ssl.SSLConnectionSocketFactory - Starting handshake
DEBUG main org.apache.http.conn.ssl.SSLConnectionSocketFactory - Secure session established
DEBUG main org.apache.http.conn.ssl.SSLConnectionSocketFactory -  negotiated protocol: TLSv1.2
DEBUG main org.apache.http.conn.ssl.SSLConnectionSocketFactory -  negotiated cipher suite: TLS_ECDHE_RSA_WITH_AES_128_GCM_SHA256
DEBUG main org.apache.http.conn.ssl.SSLConnectionSocketFactory -  peer principal: CN=*.shimodev.com
DEBUG main org.apache.http.conn.ssl.SSLConnectionSocketFactory -  peer alternative names: [*.shimodev.com, shimodev.com]
DEBUG main org.apache.http.conn.ssl.SSLConnectionSocketFactory -  issuer principal: CN=RapidSSL RSA CA 2018, OU=www.digicert.com, O=DigiCert Inc, C=US
DEBUG main org.apache.http.impl.conn.DefaultHttpClientConnectionOperator - Connection established 172.16.8.236:1734<->101.201.171.177:443
DEBUG main org.apache.http.impl.execchain.MainClientExec - Executing request POST /lizard-api/auth/password/login HTTP/1.1
DEBUG main org.apache.http.impl.execchain.MainClientExec - Target auth state: UNCHALLENGED
DEBUG main org.apache.http.impl.execchain.MainClientExec - Proxy auth state: UNCHALLENGED
DEBUG main org.apache.http.headers - http-outgoing-0 >> POST /lizard-api/auth/password/login HTTP/1.1
DEBUG main org.apache.http.headers - http-outgoing-0 >> Content-Type: application/x-www-form-urlencoded; charset=utf-8
DEBUG main org.apache.http.headers - http-outgoing-0 >> Referer: https://release.shimodev.com/login?from=home
DEBUG main org.apache.http.headers - http-outgoing-0 >> x-requested-with: XmlHttpRequest
DEBUG main org.apache.http.headers - http-outgoing-0 >> x-source: lizard-desktop
DEBUG main org.apache.http.headers - http-outgoing-0 >> Content-Length: 41
DEBUG main org.apache.http.headers - http-outgoing-0 >> Host: release.shimodev.com
DEBUG main org.apache.http.headers - http-outgoing-0 >> Connection: Keep-Alive
DEBUG main org.apache.http.headers - http-outgoing-0 >> User-Agent: Apache-HttpClient/4.5.2 (Java/1.8.0_181)
DEBUG main org.apache.http.headers - http-outgoing-0 >> Accept-Encoding: gzip,deflate
DEBUG main org.apache.http.wire - http-outgoing-0 >> "POST /lizard-api/auth/password/login HTTP/1.1[\r][\n]"
DEBUG main org.apache.http.wire - http-outgoing-0 >> "Content-Type: application/x-www-form-urlencoded; charset=utf-8[\r][\n]"
DEBUG main org.apache.http.wire - http-outgoing-0 >> "Referer: https://release.shimodev.com/login?from=home[\r][\n]"
DEBUG main org.apache.http.wire - http-outgoing-0 >> "x-requested-with: XmlHttpRequest[\r][\n]"
DEBUG main org.apache.http.wire - http-outgoing-0 >> "x-source: lizard-desktop[\r][\n]"
DEBUG main org.apache.http.wire - http-outgoing-0 >> "Content-Length: 41[\r][\n]"
DEBUG main org.apache.http.wire - http-outgoing-0 >> "Host: release.shimodev.com[\r][\n]"
DEBUG main org.apache.http.wire - http-outgoing-0 >> "Connection: Keep-Alive[\r][\n]"
DEBUG main org.apache.http.wire - http-outgoing-0 >> "User-Agent: Apache-HttpClient/4.5.2 (Java/1.8.0_181)[\r][\n]"
DEBUG main org.apache.http.wire - http-outgoing-0 >> "Accept-Encoding: gzip,deflate[\r][\n]"
DEBUG main org.apache.http.wire - http-outgoing-0 >> "[\r][\n]"
DEBUG main org.apache.http.wire - http-outgoing-0 >> "email=autoTest%40shimo.im&password=123123"
DEBUG main org.apache.http.wire - http-outgoing-0 << "HTTP/1.1 204 No Content[\r][\n]"
DEBUG main org.apache.http.wire - http-outgoing-0 << "Server: nginx/1.17.10[\r][\n]"
DEBUG main org.apache.http.wire - http-outgoing-0 << "Date: Fri, 25 Sep 2020 06:22:05 GMT[\r][\n]"
DEBUG main org.apache.http.wire - http-outgoing-0 << "Connection: keep-alive[\r][\n]"
DEBUG main org.apache.http.wire - http-outgoing-0 << "Set-Cookie: shimo_dev_sid=s%3Ac3c7145c81d846d9beb557bb9d748628.lDGoQthMef681Yy7%2BbHjF8bwtAAQSaSgZKISAOmoiBg; Path=/; Domain=shimodev.com; Max-Age=1209600; HttpOnly[\r][\n]"
DEBUG main org.apache.http.wire - http-outgoing-0 << "X-Shimo-Requestid: 25c0ae98-9617-400f-baa7-11a136459505[\r][\n]"
DEBUG main org.apache.http.wire - http-outgoing-0 << "[\r][\n]"
DEBUG main org.apache.http.headers - http-outgoing-0 << HTTP/1.1 204 No Content
DEBUG main org.apache.http.headers - http-outgoing-0 << Server: nginx/1.17.10
DEBUG main org.apache.http.headers - http-outgoing-0 << Date: Fri, 25 Sep 2020 06:22:05 GMT
DEBUG main org.apache.http.headers - http-outgoing-0 << Connection: keep-alive
DEBUG main org.apache.http.headers - http-outgoing-0 << Set-Cookie: shimo_dev_sid=s%3Ac3c7145c81d846d9beb557bb9d748628.lDGoQthMef681Yy7%2BbHjF8bwtAAQSaSgZKISAOmoiBg; Path=/; Domain=shimodev.com; Max-Age=1209600; HttpOnly
DEBUG main org.apache.http.headers - http-outgoing-0 << X-Shimo-Requestid: 25c0ae98-9617-400f-baa7-11a136459505
DEBUG main org.apache.http.impl.execchain.MainClientExec - Connection can be kept alive indefinitely
DEBUG main org.apache.http.impl.conn.PoolingHttpClientConnectionManager - Connection [id: 0][route: {s}->https://release.shimodev.com:443] can be kept alive indefinitely
DEBUG main org.apache.http.impl.conn.PoolingHttpClientConnectionManager - Connection released: [id: 0][route: {s}->https://release.shimodev.com:443][total kept alive: 1; route allocated: 1 of 2; total allocated: 1 of 20]
DEBUG main org.apache.http.client.protocol.ResponseProcessCookies - Cookie accepted [shimo_dev_sid="s%3Ac3c7145c81d846d9beb557bb9d748628.lDGoQthMef681Yy7%2BbHjF8bwtAAQSaSgZKISAOmoiBg", version:0, domain:shimodev.com, path:/, expiry:null]
DEBUG main org.apache.http.impl.conn.PoolingHttpClientConnectionManager - Connection manager is shutting down
DEBUG main org.apache.http.impl.conn.DefaultManagedHttpClientConnection - http-outgoing-0: Close connection
DEBUG main org.apache.http.impl.conn.PoolingHttpClientConnectionManager - Connection manager shut down
